C:\Program Files\Microsoft Visual Studio\2022\Community\MSBuild\Microsoft\VC\v170\Microsoft.CppBuild.targets(531,5): warning MSB8028: Katalog pośredni (x64\Debug\) zawiera pliki udostępnione z innego projektu (szablon2vs17.vcxproj). Może to spowodować niepoprawne zachowanie podczas oczyszczania i ponownej kompilacji.
  main.cpp
C:\Users\Weronika\Desktop\Weronika\Studia\Podstawy Programowania\King Donkey\template-project-2\main.cpp(418,29): warning C4838: konwersja z „Uint32” do „int” wymaga konwersji zawężającej
C:\Users\Weronika\Desktop\Weronika\Studia\Podstawy Programowania\King Donkey\template-project-2\main.cpp(441,29): warning C4838: konwersja z „Uint32” do „int” wymaga konwersji zawężającej
C:\Users\Weronika\Desktop\Weronika\Studia\Podstawy Programowania\King Donkey\template-project-2\main.cpp(450,30): warning C4838: konwersja z „Uint32” do „int” wymaga konwersji zawężającej
C:\Users\Weronika\Desktop\Weronika\Studia\Podstawy Programowania\King Donkey\template-project-2\main.cpp(464,30): warning C4474: „sprintf”: przekazano za dużo argumentów dla ciągu formatowania
C:\Users\Weronika\Desktop\Weronika\Studia\Podstawy Programowania\King Donkey\template-project-2\main.cpp(464,30): message : symbole zastępcze i ich parametry oczekują 0 argumentów ze zmienną liczbą argumentów, ale podano następującą liczbę zmiennych argumentów: 1
C:\Users\Weronika\Desktop\Weronika\Studia\Podstawy Programowania\King Donkey\template-project-2\main.cpp(466,35): warning C4474: „sprintf”: przekazano za dużo argumentów dla ciągu formatowania
C:\Users\Weronika\Desktop\Weronika\Studia\Podstawy Programowania\King Donkey\template-project-2\main.cpp(466,35): message : symbole zastępcze i ich parametry oczekują 0 argumentów ze zmienną liczbą argumentów, ale podano następującą liczbę zmiennych argumentów: 1
C:\Users\Weronika\Desktop\Weronika\Studia\Podstawy Programowania\King Donkey\template-project-2\main.cpp(468,33): warning C4474: „sprintf”: przekazano za dużo argumentów dla ciągu formatowania
C:\Users\Weronika\Desktop\Weronika\Studia\Podstawy Programowania\King Donkey\template-project-2\main.cpp(468,33): message : symbole zastępcze i ich parametry oczekują 0 argumentów ze zmienną liczbą argumentów, ale podano następującą liczbę zmiennych argumentów: 1
C:\Users\Weronika\Desktop\Weronika\Studia\Podstawy Programowania\King Donkey\template-project-2\main.cpp(473,35): warning C4474: „sprintf”: przekazano za dużo argumentów dla ciągu formatowania
C:\Users\Weronika\Desktop\Weronika\Studia\Podstawy Programowania\King Donkey\template-project-2\main.cpp(473,35): message : symbole zastępcze i ich parametry oczekują 0 argumentów ze zmienną liczbą argumentów, ale podano następującą liczbę zmiennych argumentów: 1
C:\Users\Weronika\Desktop\Weronika\Studia\Podstawy Programowania\King Donkey\template-project-2\main.cpp(475,37): warning C4474: „sprintf”: przekazano za dużo argumentów dla ciągu formatowania
C:\Users\Weronika\Desktop\Weronika\Studia\Podstawy Programowania\King Donkey\template-project-2\main.cpp(475,37): message : symbole zastępcze i ich parametry oczekują 0 argumentów ze zmienną liczbą argumentów, ale podano następującą liczbę zmiennych argumentów: 1
C:\Users\Weronika\Desktop\Weronika\Studia\Podstawy Programowania\King Donkey\template-project-2\main.cpp(477,33): warning C4474: „sprintf”: przekazano za dużo argumentów dla ciągu formatowania
C:\Users\Weronika\Desktop\Weronika\Studia\Podstawy Programowania\King Donkey\template-project-2\main.cpp(477,33): message : symbole zastępcze i ich parametry oczekują 0 argumentów ze zmienną liczbą argumentów, ale podano następującą liczbę zmiennych argumentów: 1
C:\Users\Weronika\Desktop\Weronika\Studia\Podstawy Programowania\King Donkey\template-project-2\main.cpp(464,3): warning C4996: 'sprintf': This function or variable may be unsafe. Consider using sprintf_s instead. To disable deprecation, use _CRT_SECURE_NO_WARNINGS. See online help for details.
C:\Users\Weronika\Desktop\Weronika\Studia\Podstawy Programowania\King Donkey\template-project-2\main.cpp(466,3): warning C4996: 'sprintf': This function or variable may be unsafe. Consider using sprintf_s instead. To disable deprecation, use _CRT_SECURE_NO_WARNINGS. See online help for details.
C:\Users\Weronika\Desktop\Weronika\Studia\Podstawy Programowania\King Donkey\template-project-2\main.cpp(468,3): warning C4996: 'sprintf': This function or variable may be unsafe. Consider using sprintf_s instead. To disable deprecation, use _CRT_SECURE_NO_WARNINGS. See online help for details.
C:\Users\Weronika\Desktop\Weronika\Studia\Podstawy Programowania\King Donkey\template-project-2\main.cpp(473,3): warning C4996: 'sprintf': This function or variable may be unsafe. Consider using sprintf_s instead. To disable deprecation, use _CRT_SECURE_NO_WARNINGS. See online help for details.
C:\Users\Weronika\Desktop\Weronika\Studia\Podstawy Programowania\King Donkey\template-project-2\main.cpp(475,3): warning C4996: 'sprintf': This function or variable may be unsafe. Consider using sprintf_s instead. To disable deprecation, use _CRT_SECURE_NO_WARNINGS. See online help for details.
C:\Users\Weronika\Desktop\Weronika\Studia\Podstawy Programowania\King Donkey\template-project-2\main.cpp(477,3): warning C4996: 'sprintf': This function or variable may be unsafe. Consider using sprintf_s instead. To disable deprecation, use _CRT_SECURE_NO_WARNINGS. See online help for details.
C:\Users\Weronika\Desktop\Weronika\Studia\Podstawy Programowania\King Donkey\template-project-2\main.cpp(484,28): warning C4474: „sprintf”: przekazano za dużo argumentów dla ciągu formatowania
C:\Users\Weronika\Desktop\Weronika\Studia\Podstawy Programowania\King Donkey\template-project-2\main.cpp(484,28): message : symbole zastępcze i ich parametry oczekują 0 argumentów ze zmienną liczbą argumentów, ale podano następującą liczbę zmiennych argumentów: 1
C:\Users\Weronika\Desktop\Weronika\Studia\Podstawy Programowania\King Donkey\template-project-2\main.cpp(486,30): warning C4474: „sprintf”: przekazano za dużo argumentów dla ciągu formatowania
C:\Users\Weronika\Desktop\Weronika\Studia\Podstawy Programowania\King Donkey\template-project-2\main.cpp(486,30): message : symbole zastępcze i ich parametry oczekują 0 argumentów ze zmienną liczbą argumentów, ale podano następującą liczbę zmiennych argumentów: 1
C:\Users\Weronika\Desktop\Weronika\Studia\Podstawy Programowania\King Donkey\template-project-2\main.cpp(488,26): warning C4474: „sprintf”: przekazano za dużo argumentów dla ciągu formatowania
C:\Users\Weronika\Desktop\Weronika\Studia\Podstawy Programowania\King Donkey\template-project-2\main.cpp(488,26): message : symbole zastępcze i ich parametry oczekują 0 argumentów ze zmienną liczbą argumentów, ale podano następującą liczbę zmiennych argumentów: 1
C:\Users\Weronika\Desktop\Weronika\Studia\Podstawy Programowania\King Donkey\template-project-2\main.cpp(490,30): warning C4474: „sprintf”: przekazano za dużo argumentów dla ciągu formatowania
C:\Users\Weronika\Desktop\Weronika\Studia\Podstawy Programowania\King Donkey\template-project-2\main.cpp(490,30): message : symbole zastępcze i ich parametry oczekują 0 argumentów ze zmienną liczbą argumentów, ale podano następującą liczbę zmiennych argumentów: 1
C:\Users\Weronika\Desktop\Weronika\Studia\Podstawy Programowania\King Donkey\template-project-2\main.cpp(484,2): warning C4996: 'sprintf': This function or variable may be unsafe. Consider using sprintf_s instead. To disable deprecation, use _CRT_SECURE_NO_WARNINGS. See online help for details.
C:\Users\Weronika\Desktop\Weronika\Studia\Podstawy Programowania\King Donkey\template-project-2\main.cpp(486,2): warning C4996: 'sprintf': This function or variable may be unsafe. Consider using sprintf_s instead. To disable deprecation, use _CRT_SECURE_NO_WARNINGS. See online help for details.
C:\Users\Weronika\Desktop\Weronika\Studia\Podstawy Programowania\King Donkey\template-project-2\main.cpp(488,2): warning C4996: 'sprintf': This function or variable may be unsafe. Consider using sprintf_s instead. To disable deprecation, use _CRT_SECURE_NO_WARNINGS. See online help for details.
C:\Users\Weronika\Desktop\Weronika\Studia\Podstawy Programowania\King Donkey\template-project-2\main.cpp(490,2): warning C4996: 'sprintf': This function or variable may be unsafe. Consider using sprintf_s instead. To disable deprecation, use _CRT_SECURE_NO_WARNINGS. See online help for details.
C:\Users\Weronika\Desktop\Weronika\Studia\Podstawy Programowania\King Donkey\template-project-2\main.cpp(750,3): warning C4996: 'sprintf': This function or variable may be unsafe. Consider using sprintf_s instead. To disable deprecation, use _CRT_SECURE_NO_WARNINGS. See online help for details.
  szablon2vs19.vcxproj -> C:\Users\Weronika\Desktop\Weronika\Studia\Podstawy Programowania\King Donkey\template-project-2\x64\Debug\szablon2vs19.exe
