  main.cpp
C:\Users\Weronika\Desktop\Weronika\Studia\King Donkey\main.cpp(340,29): warning C4838: konwersja z „Uint32” do „int” wymaga konwersji zawężającej
C:\Users\Weronika\Desktop\Weronika\Studia\King Donkey\main.cpp(363,29): warning C4838: konwersja z „Uint32” do „int” wymaga konwersji zawężającej
C:\Users\Weronika\Desktop\Weronika\Studia\King Donkey\main.cpp(372,30): warning C4838: konwersja z „Uint32” do „int” wymaga konwersji zawężającej
C:\Users\Weronika\Desktop\Weronika\Studia\King Donkey\main.cpp(386,30): warning C4474: „sprintf”: przekazano za dużo argumentów dla ciągu formatowania
      C:\Users\Weronika\Desktop\Weronika\Studia\King Donkey\main.cpp(386,30):
      symbole zastępcze i ich parametry oczekują 0 argumentów ze zmienną liczbą argumentów, ale podano następującą liczbę zmiennych argumentów: 1
  
C:\Users\Weronika\Desktop\Weronika\Studia\King Donkey\main.cpp(388,35): warning C4474: „sprintf”: przekazano za dużo argumentów dla ciągu formatowania
      C:\Users\Weronika\Desktop\Weronika\Studia\King Donkey\main.cpp(388,35):
      symbole zastępcze i ich parametry oczekują 0 argumentów ze zmienną liczbą argumentów, ale podano następującą liczbę zmiennych argumentów: 1
  
C:\Users\Weronika\Desktop\Weronika\Studia\King Donkey\main.cpp(390,33): warning C4474: „sprintf”: przekazano za dużo argumentów dla ciągu formatowania
      C:\Users\Weronika\Desktop\Weronika\Studia\King Donkey\main.cpp(390,33):
      symbole zastępcze i ich parametry oczekują 0 argumentów ze zmienną liczbą argumentów, ale podano następującą liczbę zmiennych argumentów: 1
  
C:\Users\Weronika\Desktop\Weronika\Studia\King Donkey\main.cpp(395,35): warning C4474: „sprintf”: przekazano za dużo argumentów dla ciągu formatowania
      C:\Users\Weronika\Desktop\Weronika\Studia\King Donkey\main.cpp(395,35):
      symbole zastępcze i ich parametry oczekują 0 argumentów ze zmienną liczbą argumentów, ale podano następującą liczbę zmiennych argumentów: 1
  
C:\Users\Weronika\Desktop\Weronika\Studia\King Donkey\main.cpp(397,37): warning C4474: „sprintf”: przekazano za dużo argumentów dla ciągu formatowania
      C:\Users\Weronika\Desktop\Weronika\Studia\King Donkey\main.cpp(397,37):
      symbole zastępcze i ich parametry oczekują 0 argumentów ze zmienną liczbą argumentów, ale podano następującą liczbę zmiennych argumentów: 1
  
C:\Users\Weronika\Desktop\Weronika\Studia\King Donkey\main.cpp(399,33): warning C4474: „sprintf”: przekazano za dużo argumentów dla ciągu formatowania
      C:\Users\Weronika\Desktop\Weronika\Studia\King Donkey\main.cpp(399,33):
      symbole zastępcze i ich parametry oczekują 0 argumentów ze zmienną liczbą argumentów, ale podano następującą liczbę zmiennych argumentów: 1
  
C:\Users\Weronika\Desktop\Weronika\Studia\King Donkey\main.cpp(386,3): warning C4996: 'sprintf': This function or variable may be unsafe. Consider using sprintf_s instead. To disable deprecation, use _CRT_SECURE_NO_WARNINGS. See online help for details.
C:\Users\Weronika\Desktop\Weronika\Studia\King Donkey\main.cpp(388,3): warning C4996: 'sprintf': This function or variable may be unsafe. Consider using sprintf_s instead. To disable deprecation, use _CRT_SECURE_NO_WARNINGS. See online help for details.
C:\Users\Weronika\Desktop\Weronika\Studia\King Donkey\main.cpp(390,3): warning C4996: 'sprintf': This function or variable may be unsafe. Consider using sprintf_s instead. To disable deprecation, use _CRT_SECURE_NO_WARNINGS. See online help for details.
C:\Users\Weronika\Desktop\Weronika\Studia\King Donkey\main.cpp(395,3): warning C4996: 'sprintf': This function or variable may be unsafe. Consider using sprintf_s instead. To disable deprecation, use _CRT_SECURE_NO_WARNINGS. See online help for details.
C:\Users\Weronika\Desktop\Weronika\Studia\King Donkey\main.cpp(397,3): warning C4996: 'sprintf': This function or variable may be unsafe. Consider using sprintf_s instead. To disable deprecation, use _CRT_SECURE_NO_WARNINGS. See online help for details.
C:\Users\Weronika\Desktop\Weronika\Studia\King Donkey\main.cpp(399,3): warning C4996: 'sprintf': This function or variable may be unsafe. Consider using sprintf_s instead. To disable deprecation, use _CRT_SECURE_NO_WARNINGS. See online help for details.
C:\Users\Weronika\Desktop\Weronika\Studia\King Donkey\main.cpp(406,28): warning C4474: „sprintf”: przekazano za dużo argumentów dla ciągu formatowania
      C:\Users\Weronika\Desktop\Weronika\Studia\King Donkey\main.cpp(406,28):
      symbole zastępcze i ich parametry oczekują 0 argumentów ze zmienną liczbą argumentów, ale podano następującą liczbę zmiennych argumentów: 1
  
C:\Users\Weronika\Desktop\Weronika\Studia\King Donkey\main.cpp(408,30): warning C4474: „sprintf”: przekazano za dużo argumentów dla ciągu formatowania
      C:\Users\Weronika\Desktop\Weronika\Studia\King Donkey\main.cpp(408,30):
      symbole zastępcze i ich parametry oczekują 0 argumentów ze zmienną liczbą argumentów, ale podano następującą liczbę zmiennych argumentów: 1
  
C:\Users\Weronika\Desktop\Weronika\Studia\King Donkey\main.cpp(410,26): warning C4474: „sprintf”: przekazano za dużo argumentów dla ciągu formatowania
      C:\Users\Weronika\Desktop\Weronika\Studia\King Donkey\main.cpp(410,26):
      symbole zastępcze i ich parametry oczekują 0 argumentów ze zmienną liczbą argumentów, ale podano następującą liczbę zmiennych argumentów: 1
  
C:\Users\Weronika\Desktop\Weronika\Studia\King Donkey\main.cpp(412,30): warning C4474: „sprintf”: przekazano za dużo argumentów dla ciągu formatowania
      C:\Users\Weronika\Desktop\Weronika\Studia\King Donkey\main.cpp(412,30):
      symbole zastępcze i ich parametry oczekują 0 argumentów ze zmienną liczbą argumentów, ale podano następującą liczbę zmiennych argumentów: 1
  
C:\Users\Weronika\Desktop\Weronika\Studia\King Donkey\main.cpp(406,2): warning C4996: 'sprintf': This function or variable may be unsafe. Consider using sprintf_s instead. To disable deprecation, use _CRT_SECURE_NO_WARNINGS. See online help for details.
C:\Users\Weronika\Desktop\Weronika\Studia\King Donkey\main.cpp(408,2): warning C4996: 'sprintf': This function or variable may be unsafe. Consider using sprintf_s instead. To disable deprecation, use _CRT_SECURE_NO_WARNINGS. See online help for details.
C:\Users\Weronika\Desktop\Weronika\Studia\King Donkey\main.cpp(410,2): warning C4996: 'sprintf': This function or variable may be unsafe. Consider using sprintf_s instead. To disable deprecation, use _CRT_SECURE_NO_WARNINGS. See online help for details.
C:\Users\Weronika\Desktop\Weronika\Studia\King Donkey\main.cpp(412,2): warning C4996: 'sprintf': This function or variable may be unsafe. Consider using sprintf_s instead. To disable deprecation, use _CRT_SECURE_NO_WARNINGS. See online help for details.
C:\Users\Weronika\Desktop\Weronika\Studia\King Donkey\main.cpp(672,3): warning C4996: 'sprintf': This function or variable may be unsafe. Consider using sprintf_s instead. To disable deprecation, use _CRT_SECURE_NO_WARNINGS. See online help for details.
  szablon2vs19.vcxproj -> C:\Users\Weronika\Desktop\Weronika\Studia\King Donkey\x64\Debug\szablon2vs19.exe
